<?xml version="1.0" encoding="UTF-8"?>
<coverage generated="1520319991795" clover="3.2.0">
  <project timestamp="1520319991795" name="All files">
    <metrics statements="73" coveredstatements="66" conditionals="19" coveredconditionals="13" methods="16" coveredmethods="14" elements="108" coveredelements="93" complexity="0" loc="73" ncloc="73" packages="4" files="10" classes="10">
      <package name="models">
        <metrics statements="24" coveredstatements="22" conditionals="9" coveredconditionals="6" methods="5" coveredmethods="5"/>
        <file name="index.js" path="/Users/maheshhp/Downloads/tiny-scale/models/index.js">
          <metrics statements="20" coveredstatements="18" conditionals="9" coveredconditionals="6" methods="3" coveredmethods="3"/>
          <line num="1" count="4" type="stmt"/>
          <line num="2" count="4" type="stmt"/>
          <line num="3" count="4" type="stmt"/>
          <line num="5" count="4" type="stmt"/>
          <line num="6" count="4" type="cond" truecount="1" falsecount="1"/>
          <line num="7" count="4" type="stmt"/>
          <line num="8" count="4" type="stmt"/>
          <line num="10" count="4" type="cond" truecount="1" falsecount="1"/>
          <line num="11" count="0" type="stmt"/>
          <line num="13" count="4" type="stmt"/>
          <line num="16" count="4" type="stmt"/>
          <line num="18" count="8" type="cond" truecount="3" falsecount="0"/>
          <line num="20" count="4" type="stmt"/>
          <line num="21" count="4" type="stmt"/>
          <line num="24" count="4" type="stmt"/>
          <line num="25" count="4" type="cond" truecount="1" falsecount="1"/>
          <line num="26" count="0" type="stmt"/>
          <line num="30" count="4" type="stmt"/>
          <line num="31" count="4" type="stmt"/>
          <line num="33" count="4" type="stmt"/>
        </file>
        <file name="urls.js" path="/Users/maheshhp/Downloads/tiny-scale/models/urls.js">
          <metrics statements="4" coveredstatements="4" conditionals="0" coveredconditionals="0" methods="2" coveredmethods="2"/>
          <line num="1" count="4" type="stmt"/>
          <line num="2" count="4" type="stmt"/>
          <line num="6" count="8" type="stmt"/>
          <line num="12" count="4" type="stmt"/>
        </file>
      </package>
      <package name="src">
        <metrics statements="11" coveredstatements="7" conditionals="4" coveredconditionals="1" methods="1" coveredmethods="0"/>
        <file name="server.js" path="/Users/maheshhp/Downloads/tiny-scale/src/server.js">
          <metrics statements="11" coveredstatements="7" conditionals="4" coveredconditionals="1" methods="1" coveredmethods="0"/>
          <line num="1" count="2" type="stmt"/>
          <line num="2" count="2" type="stmt"/>
          <line num="4" count="2" type="stmt"/>
          <line num="6" count="2" type="stmt"/>
          <line num="11" count="2" type="stmt"/>
          <line num="13" count="2" type="cond" truecount="1" falsecount="1"/>
          <line num="14" count="0" type="stmt"/>
          <line num="15" count="0" type="cond" truecount="0" falsecount="2"/>
          <line num="16" count="0" type="stmt"/>
          <line num="18" count="0" type="stmt"/>
          <line num="22" count="2" type="stmt"/>
        </file>
      </package>
      <package name="src.helpers">
        <metrics statements="19" coveredstatements="19" conditionals="4" coveredconditionals="4" methods="5" coveredmethods="5"/>
        <file name="createShortUrlAndInsert.js" path="/Users/maheshhp/Downloads/tiny-scale/src/helpers/createShortUrlAndInsert.js">
          <metrics statements="14" coveredstatements="14" conditionals="4" coveredconditionals="4" methods="4" coveredmethods="4"/>
          <line num="1" count="3" type="stmt"/>
          <line num="2" count="3" type="stmt"/>
          <line num="4" count="3" type="stmt"/>
          <line num="5" count="6" type="stmt"/>
          <line num="6" count="6" type="stmt"/>
          <line num="7" count="6" type="stmt"/>
          <line num="9" count="6" type="cond" truecount="4" falsecount="0"/>
          <line num="10" count="1" type="stmt"/>
          <line num="12" count="5" type="stmt"/>
          <line num="16" count="3" type="stmt"/>
          <line num="17" count="5" type="stmt"/>
          <line num="18" count="5" type="stmt"/>
          <line num="19" count="5" type="stmt"/>
          <line num="20" count="5" type="stmt"/>
        </file>
        <file name="generateUrlHash.js" path="/Users/maheshhp/Downloads/tiny-scale/src/helpers/generateUrlHash.js">
          <metrics statements="5" coveredstatements="5" conditionals="0" coveredconditionals="0" methods="1" coveredmethods="1"/>
          <line num="1" count="4" type="stmt"/>
          <line num="3" count="4" type="stmt"/>
          <line num="5" count="6" type="stmt"/>
          <line num="6" count="6" type="stmt"/>
          <line num="7" count="6" type="stmt"/>
        </file>
      </package>
      <package name="src.routes">
        <metrics statements="19" coveredstatements="18" conditionals="2" coveredconditionals="2" methods="5" coveredmethods="4"/>
        <file name="getLongUrl.js" path="/Users/maheshhp/Downloads/tiny-scale/src/routes/getLongUrl.js">
          <metrics statements="2" coveredstatements="1" conditionals="0" coveredconditionals="0" methods="1" coveredmethods="0"/>
          <line num="1" count="2" type="stmt"/>
          <line num="5" count="0" type="stmt"/>
        </file>
        <file name="getTinyUrl.js" path="/Users/maheshhp/Downloads/tiny-scale/src/routes/getTinyUrl.js">
          <metrics statements="8" coveredstatements="8" conditionals="2" coveredconditionals="2" methods="2" coveredmethods="2"/>
          <line num="1" count="2" type="stmt"/>
          <line num="3" count="2" type="stmt"/>
          <line num="7" count="3" type="stmt"/>
          <line num="8" count="3" type="cond" truecount="2" falsecount="0"/>
          <line num="9" count="1" type="stmt"/>
          <line num="17" count="2" type="stmt"/>
          <line num="19" count="2" type="stmt"/>
          <line num="20" count="2" type="stmt"/>
        </file>
        <file name="index.js" path="/Users/maheshhp/Downloads/tiny-scale/src/routes/index.js">
          <metrics statements="5" coveredstatements="5" conditionals="0" coveredconditionals="0" methods="0" coveredmethods="0"/>
          <line num="1" count="2" type="stmt"/>
          <line num="2" count="2" type="stmt"/>
          <line num="3" count="2" type="stmt"/>
          <line num="4" count="2" type="stmt"/>
          <line num="7" count="2" type="stmt"/>
        </file>
        <file name="ping.js" path="/Users/maheshhp/Downloads/tiny-scale/src/routes/ping.js">
          <metrics statements="2" coveredstatements="2" conditionals="0" coveredconditionals="0" methods="1" coveredmethods="1"/>
          <line num="1" count="2" type="stmt"/>
          <line num="5" count="1" type="stmt"/>
        </file>
        <file name="slash.js" path="/Users/maheshhp/Downloads/tiny-scale/src/routes/slash.js">
          <metrics statements="2" coveredstatements="2" conditionals="0" coveredconditionals="0" methods="1" coveredmethods="1"/>
          <line num="1" count="2" type="stmt"/>
          <line num="5" count="1" type="stmt"/>
        </file>
      </package>
    </metrics>
  </project>
</coverage>
