TN:
SF:/Users/maheshhp/Downloads/tiny-scale/models/index.js
FN:18,(anonymous_0)
FN:19,(anonymous_1)
FN:24,(anonymous_2)
FNF:3
FNH:3
FNDA:8,(anonymous_0)
FNDA:4,(anonymous_1)
FNDA:4,(anonymous_2)
DA:1,4
DA:2,4
DA:3,4
DA:5,4
DA:6,4
DA:7,4
DA:8,4
DA:10,4
DA:11,0
DA:13,4
DA:16,4
DA:18,8
DA:20,4
DA:21,4
DA:24,4
DA:25,4
DA:26,0
DA:30,4
DA:31,4
DA:33,4
LF:20
LH:18
BRDA:6,0,0,4
BRDA:6,0,1,0
BRDA:10,1,0,0
BRDA:10,1,1,4
BRDA:18,2,0,8
BRDA:18,2,1,8
BRDA:18,2,2,4
BRDA:25,3,0,0
BRDA:25,3,1,4
BRF:9
BRH:6
end_of_record
TN:
SF:/Users/maheshhp/Downloads/tiny-scale/models/urls.js
FN:1,(anonymous_0)
FN:6,(anonymous_1)
FNF:2
FNH:2
FNDA:4,(anonymous_0)
FNDA:8,(anonymous_1)
DA:1,4
DA:2,4
DA:6,8
DA:12,4
LF:4
LH:4
BRF:0
BRH:0
end_of_record
TN:
SF:/Users/maheshhp/Downloads/tiny-scale/src/server.js
FN:14,(anonymous_0)
FNF:1
FNH:0
FNDA:0,(anonymous_0)
DA:1,2
DA:2,2
DA:4,2
DA:6,2
DA:11,2
DA:13,2
DA:14,0
DA:15,0
DA:16,0
DA:18,0
DA:22,2
LF:11
LH:7
BRDA:13,0,0,0
BRDA:13,0,1,2
BRDA:15,1,0,0
BRDA:15,1,1,0
BRF:4
BRH:1
end_of_record
TN:
SF:/Users/maheshhp/Downloads/tiny-scale/src/helpers/createShortUrlAndInsert.js
FN:4,(anonymous_0)
FN:8,(anonymous_1)
FN:16,(anonymous_2)
FN:20,(anonymous_3)
FNF:4
FNH:4
FNDA:6,(anonymous_0)
FNDA:6,(anonymous_1)
FNDA:5,(anonymous_2)
FNDA:5,(anonymous_3)
DA:1,3
DA:2,3
DA:4,3
DA:5,6
DA:6,6
DA:7,6
DA:9,6
DA:10,1
DA:12,5
DA:16,3
DA:17,5
DA:18,5
DA:19,5
DA:20,5
LF:14
LH:14
BRDA:9,0,0,1
BRDA:9,0,1,5
BRDA:9,1,0,6
BRDA:9,1,1,2
BRF:4
BRH:4
end_of_record
TN:
SF:/Users/maheshhp/Downloads/tiny-scale/src/helpers/generateUrlHash.js
FN:4,(anonymous_0)
FNF:1
FNH:1
FNDA:6,(anonymous_0)
DA:1,4
DA:3,4
DA:5,6
DA:6,6
DA:7,6
LF:5
LH:5
BRF:0
BRH:0
end_of_record
TN:
SF:/Users/maheshhp/Downloads/tiny-scale/src/routes/getLongUrl.js
FN:4,(anonymous_0)
FNF:1
FNH:0
FNDA:0,(anonymous_0)
DA:1,2
DA:5,0
LF:2
LH:1
BRF:0
BRH:0
end_of_record
TN:
SF:/Users/maheshhp/Downloads/tiny-scale/src/routes/getTinyUrl.js
FN:6,(anonymous_0)
FN:19,(anonymous_1)
FNF:2
FNH:2
FNDA:3,(anonymous_0)
FNDA:2,(anonymous_1)
DA:1,2
DA:3,2
DA:7,3
DA:8,3
DA:9,1
DA:17,2
DA:19,2
DA:20,2
LF:8
LH:8
BRDA:8,0,0,1
BRDA:8,0,1,2
BRF:2
BRH:2
end_of_record
TN:
SF:/Users/maheshhp/Downloads/tiny-scale/src/routes/index.js
FNF:0
FNH:0
DA:1,2
DA:2,2
DA:3,2
DA:4,2
DA:7,2
LF:5
LH:5
BRF:0
BRH:0
end_of_record
TN:
SF:/Users/maheshhp/Downloads/tiny-scale/src/routes/ping.js
FN:4,(anonymous_0)
FNF:1
FNH:1
FNDA:1,(anonymous_0)
DA:1,2
DA:5,1
LF:2
LH:2
BRF:0
BRH:0
end_of_record
TN:
SF:/Users/maheshhp/Downloads/tiny-scale/src/routes/slash.js
FN:4,(anonymous_0)
FNF:1
FNH:1
FNDA:1,(anonymous_0)
DA:1,2
DA:5,1
LF:2
LH:2
BRF:0
BRH:0
end_of_record
